<?xml version="1.0" encoding="UTF-8"?>
<testsuite xmlns:xsi="http://www.w3.org/2001/XMLSchema-instance" xsi:noNamespaceSchemaLocation="https://maven.apache.org/surefire/maven-surefire-plugin/xsd/surefire-test-report-3.0.xsd" version="3.0" name="com.efreh.order_manager.OrderManagerApplicationTests" time="4.385" tests="1" errors="0" skipped="0" failures="0">
  <properties>
[...]
</properties>
  <testcase name="contextLoads" classname="com.efreh.order_manager.OrderManagerApplicationTests" time="0.348">
    <system-out><![CDATA[19:47:07.360 [main] INFO org.springframework.test.context.support.AnnotationConfigContextLoaderUtils -- Could not detect default configuration classes for test class [com.efreh.order_manager.OrderManagerApplicationTests]: OrderManagerApplicationTests does not declare any static, non-private, non-final, nested classes annotated with @Configuration.
19:47:07.434 [main] INFO org.springframework.boot.test.context.SpringBootTestContextBootstrapper -- Found @SpringBootConfiguration com.efreh.order_manager.OrderManagerApplication for test class com.efreh.order_manager.OrderManagerApplicationTests
  .   ____          _            __ _ _
 /\\ / ___'_ __ _ _(_)_ __  __ _ \ \ \ \
( ( )\___ | '_ | '_| | '_ \/ _` | \ \ \ \
 \\/  ___)| |_)| | | | | || (_| |  ) ) ) )
  '  |____| .__|_| |_|_| |_\__, | / / / /
 =========|_|==============|___/=/_/_/_/

 :: Spring Boot ::                (v3.3.0)

2024-07-04T19:47:07.786+06:00  INFO 16560 --- [order-manager] [           main] c.e.o.OrderManagerApplicationTests       : Starting OrderManagerApplicationTests using Java 22.0.1 with PID 16560 (started by Efreh in D:\Development\Java project\order-manager)
2024-07-04T19:47:07.788+06:00  INFO 16560 --- [order-manager] [           main] c.e.o.OrderManagerApplicationTests       : No active profile set, falling back to 1 default profile: "default"
2024-07-04T19:47:08.306+06:00  INFO 16560 --- [order-manager] [           main] .s.d.r.c.RepositoryConfigurationDelegate : Bootstrapping Spring Data JPA repositories in DEFAULT mode.
2024-07-04T19:47:08.353+06:00  INFO 16560 --- [order-manager] [           main] .s.d.r.c.RepositoryConfigurationDelegate : Finished Spring Data repository scanning in 38 ms. Found 4 JPA repository interfaces.
2024-07-04T19:47:08.764+06:00  INFO 16560 --- [order-manager] [           main] o.hibernate.jpa.internal.util.LogHelper  : HHH000204: Processing PersistenceUnitInfo [name: default]
2024-07-04T19:47:08.831+06:00  INFO 16560 --- [order-manager] [           main] org.hibernate.Version                    : HHH000412: Hibernate ORM core version 6.5.2.Final
2024-07-04T19:47:08.851+06:00  INFO 16560 --- [order-manager] [           main] o.h.c.internal.RegionFactoryInitiator    : HHH000026: Second-level cache disabled
2024-07-04T19:47:09.114+06:00  INFO 16560 --- [order-manager] [           main] o.s.o.j.p.SpringPersistenceUnitInfo      : No LoadTimeWeaver setup: ignoring JPA class transformer
2024-07-04T19:47:09.132+06:00  INFO 16560 --- [order-manager] [           main] com.zaxxer.hikari.HikariDataSource       : HikariPool-1 - Starting...
2024-07-04T19:47:09.362+06:00  INFO 16560 --- [order-manager] [           main] com.zaxxer.hikari.pool.HikariPool        : HikariPool-1 - Added connection com.mysql.cj.jdbc.ConnectionImpl@2520aa05
2024-07-04T19:47:09.364+06:00  INFO 16560 --- [order-manager] [           main] com.zaxxer.hikari.HikariDataSource       : HikariPool-1 - Start completed.
2024-07-04T19:47:09.396+06:00  WARN 16560 --- [order-manager] [           main] org.hibernate.orm.deprecation            : HHH90000025: MySQL8Dialect does not need to be specified explicitly using 'hibernate.dialect' (remove the property setting and it will be selected by default)
2024-07-04T19:47:09.405+06:00  WARN 16560 --- [order-manager] [           main] org.hibernate.orm.deprecation            : HHH90000026: MySQL8Dialect has been deprecated; use org.hibernate.dialect.MySQLDialect instead
2024-07-04T19:47:10.070+06:00  INFO 16560 --- [order-manager] [           main] o.h.e.t.j.p.i.JtaPlatformInitiator       : HHH000489: No JTA platform available (set 'hibernate.transaction.jta.platform' to enable JTA platform integration)
2024-07-04T19:47:10.125+06:00  INFO 16560 --- [order-manager] [           main] j.LocalContainerEntityManagerFactoryBean : Initialized JPA EntityManagerFactory for persistence unit 'default'
2024-07-04T19:47:10.323+06:00  INFO 16560 --- [order-manager] [           main] o.s.d.j.r.query.QueryEnhancerFactory     : Hibernate is in classpath; If applicable, HQL parser will be used.
2024-07-04T19:47:10.726+06:00  WARN 16560 --- [order-manager] [           main] JpaBaseConfiguration$JpaWebConfiguration : spring.jpa.open-in-view is enabled by default. Therefore, database queries may be performed during view rendering. Explicitly configure spring.jpa.open-in-view to disable this warning
2024-07-04T19:47:10.746+06:00  INFO 16560 --- [order-manager] [           main] eAuthenticationProviderManagerConfigurer : Global AuthenticationManager configured with AuthenticationProvider bean with name authenticationProvider
2024-07-04T19:47:10.747+06:00  WARN 16560 --- [order-manager] [           main] r$InitializeUserDetailsManagerConfigurer : Global AuthenticationManager configured with an AuthenticationProvider bean. UserDetailsService beans will not be used for username/password login. Consider removing the AuthenticationProvider bean. Alternatively, consider using the UserDetailsService in a manually instantiated DaoAuthenticationProvider.
2024-07-04T19:47:10.802+06:00  INFO 16560 --- [order-manager] [           main] o.s.b.a.w.s.WelcomePageHandlerMapping    : Adding welcome page template: index
2024-07-04T19:47:10.978+06:00  INFO 16560 --- [order-manager] [           main] o.s.s.web.DefaultSecurityFilterChain     : Will secure any request with [org.springframework.security.web.session.DisableEncodeUrlFilter@104972a0, org.springframework.security.web.context.request.async.WebAsyncManagerIntegrationFilter@45add64c, org.springframework.security.web.context.SecurityContextHolderFilter@6070990b, org.springframework.security.web.header.HeaderWriterFilter@1082883b, org.springframework.web.filter.CorsFilter@b0bd567, org.springframework.security.web.csrf.CsrfFilter@4e67f0a0, org.springframework.security.web.authentication.logout.LogoutFilter@67b6cb6e, org.springframework.security.web.authentication.UsernamePasswordAuthenticationFilter@42bb0492, org.springframework.security.web.authentication.ui.DefaultLoginPageGeneratingFilter@3bb59485, org.springframework.security.web.authentication.ui.DefaultLogoutPageGeneratingFilter@7f8586f9, org.springframework.security.web.authentication.www.BasicAuthenticationFilter@72378bfd, org.springframework.security.web.savedrequest.RequestCacheAwareFilter@79b9b628, org.springframework.security.web.servletapi.SecurityContextHolderAwareRequestFilter@1b09f4fb, org.springframework.security.web.authentication.AnonymousAuthenticationFilter@248227db, org.springframework.security.web.access.ExceptionTranslationFilter@17eb35fa, org.springframework.security.web.access.intercept.AuthorizationFilter@27b89e0a]
2024-07-04T19:47:11.258+06:00  INFO 16560 --- [order-manager] [           main] c.e.o.OrderManagerApplicationTests       : Started OrderManagerApplicationTests in 3.72 seconds (process running for 4.41)
]]></system-out>
    <system-err><![CDATA[WARNING: A Java agent has been loaded dynamically (C:\Users\Efreh\.m2\repository\net\bytebuddy\byte-buddy-agent\1.14.16\byte-buddy-agent-1.14.16.jar)
WARNING: If a serviceability tool is in use, please run with -XX:+EnableDynamicAgentLoading to hide this warning
WARNING: If a serviceability tool is not in use, please run with -Djdk.instrument.traceUsage for more information
WARNING: Dynamic loading of agents will be disallowed by default in a future release
]]></system-err>
  </testcase>
</testsuite>